
> @solid-primitives/i18n@1.2.2 build /Users/framp/projects/solid-primitives/packages/i18n
> jiti ../../scripts/build.ts --dev

CLI Building entry: {"dev":"src/index.ts"}
CLI Using tsconfig: tsconfig.json
CLI tsup v6.6.3
CLI Building entry: {"index":"src/index.ts"}
CLI Using tsconfig: tsconfig.json
CLI tsup v6.6.3
CLI Target: esnext
ESM Build start
CJS Build start
CLI Target: esnext
CLI Cleaning output folder
ESM Build start
CJS Build start
CJS dist/dev.cjs 4.47 KB
CJS ⚡️ Build success in 126ms
ESM dist/dev.js 4.39 KB
ESM ⚡️ Build success in 127ms
ESM dist/index.js 4.27 KB
ESM ⚡️ Build success in 106ms
CJS dist/index.cjs 4.35 KB
CJS ⚡️ Build success in 106ms
DTS Build start
DTS ⚡️ Build success in 1082ms
DTS dist/index.d.ts 5.86 KB
